[INFO] [2017-08-11 19:22:16][org.springframework.test.context.support.DefaultTestContextBootstrapper]Loaded default TestExecutionListener class names from location [META-INF/spring.factories]: [org.springframework.test.context.web.ServletTestExecutionListener, org.springframework.test.context.support.DirtiesContextBeforeModesTestExecutionListener, org.springframework.test.context.support.DependencyInjectionTestExecutionListener, org.springframework.test.context.support.DirtiesContextTestExecutionListener, org.springframework.test.context.transaction.TransactionalTestExecutionListener, org.springframework.test.context.jdbc.SqlScriptsTestExecutionListener]
  [INFO] [2017-08-11 19:22:16][org.springframework.test.context.support.DefaultTestContextBootstrapper]Using TestExecutionListeners: [org.springframework.test.context.web.ServletTestExecutionListener@69d9c55, org.springframework.test.context.support.DirtiesContextBeforeModesTestExecutionListener@13a57a3b, org.springframework.test.context.support.DependencyInjectionTestExecutionListener@7ca48474, org.springframework.test.context.support.DirtiesContextTestExecutionListener@337d0578, org.springframework.test.context.transaction.TransactionalTestExecutionListener@59e84876, org.springframework.test.context.jdbc.SqlScriptsTestExecutionListener@61a485d2]
  [INFO] [2017-08-11 19:22:17][org.springframework.beans.factory.xml.XmlBeanDefinitionReader]Loading XML bean definitions from class path resource [spring-mybatis.xml]
  [INFO] [2017-08-11 19:22:17][org.springframework.context.support.GenericApplicationContext]Refreshing org.springframework.context.support.GenericApplicationContext@ae45eb6: startup date [Fri Aug 11 19:22:17 CST 2017]; root of context hierarchy
  [INFO] [2017-08-11 19:22:17][org.springframework.beans.factory.config.PropertyPlaceholderConfigurer]Loading properties file from class path resource [jdbc.properties]
  [INFO] [2017-08-11 19:22:17][org.springframework.context.support.GenericApplicationContext]Closing org.springframework.context.support.GenericApplicationContext@ae45eb6: startup date [Fri Aug 11 19:22:17 CST 2017]; root of context hierarchy
  [INFO] [2017-08-11 19:56:35][org.springframework.test.context.support.DefaultTestContextBootstrapper]Loaded default TestExecutionListener class names from location [META-INF/spring.factories]: [org.springframework.test.context.web.ServletTestExecutionListener, org.springframework.test.context.support.DirtiesContextBeforeModesTestExecutionListener, org.springframework.test.context.support.DependencyInjectionTestExecutionListener, org.springframework.test.context.support.DirtiesContextTestExecutionListener, org.springframework.test.context.transaction.TransactionalTestExecutionListener, org.springframework.test.context.jdbc.SqlScriptsTestExecutionListener]
  [INFO] [2017-08-11 19:56:35][org.springframework.test.context.support.DefaultTestContextBootstrapper]Using TestExecutionListeners: [org.springframework.test.context.web.ServletTestExecutionListener@69d9c55, org.springframework.test.context.support.DirtiesContextBeforeModesTestExecutionListener@13a57a3b, org.springframework.test.context.support.DependencyInjectionTestExecutionListener@7ca48474, org.springframework.test.context.support.DirtiesContextTestExecutionListener@337d0578, org.springframework.test.context.transaction.TransactionalTestExecutionListener@59e84876, org.springframework.test.context.jdbc.SqlScriptsTestExecutionListener@61a485d2]
  [INFO] [2017-08-11 19:56:35][org.springframework.beans.factory.xml.XmlBeanDefinitionReader]Loading XML bean definitions from class path resource [spring-mybatis.xml]
  [INFO] [2017-08-11 19:56:35][org.springframework.context.support.GenericApplicationContext]Refreshing org.springframework.context.support.GenericApplicationContext@ae45eb6: startup date [Fri Aug 11 19:56:35 CST 2017]; root of context hierarchy
  [INFO] [2017-08-11 19:56:35][org.springframework.beans.factory.config.PropertyPlaceholderConfigurer]Loading properties file from class path resource [jdbc.properties]
  [INFO] [2017-08-11 19:56:35][org.springframework.context.support.GenericApplicationContext]Closing org.springframework.context.support.GenericApplicationContext@ae45eb6: startup date [Fri Aug 11 19:56:35 CST 2017]; root of context hierarchy
  [INFO] [2017-08-11 21:04:52][org.springframework.test.context.support.DefaultTestContextBootstrapper]Neither @ContextConfiguration nor @ContextHierarchy found for test class [mybatis.TestMyBatis]
  [INFO] [2017-08-11 21:04:52][org.springframework.test.context.support.DefaultTestContextBootstrapper]Loaded default TestExecutionListener class names from location [META-INF/spring.factories]: [org.springframework.test.context.web.ServletTestExecutionListener, org.springframework.test.context.support.DirtiesContextBeforeModesTestExecutionListener, org.springframework.test.context.support.DependencyInjectionTestExecutionListener, org.springframework.test.context.support.DirtiesContextTestExecutionListener, org.springframework.test.context.transaction.TransactionalTestExecutionListener, org.springframework.test.context.jdbc.SqlScriptsTestExecutionListener]
  [INFO] [2017-08-11 21:04:52][org.springframework.test.context.support.DefaultTestContextBootstrapper]Using TestExecutionListeners: [org.springframework.test.context.web.ServletTestExecutionListener@511baa65, org.springframework.test.context.support.DirtiesContextBeforeModesTestExecutionListener@340f438e, org.springframework.test.context.support.DependencyInjectionTestExecutionListener@30c7da1e, org.springframework.test.context.support.DirtiesContextTestExecutionListener@5b464ce8, org.springframework.test.context.transaction.TransactionalTestExecutionListener@57829d67, org.springframework.test.context.jdbc.SqlScriptsTestExecutionListener@19dfb72a]
  [ERROR] [2017-08-11 21:04:52][org.springframework.test.context.TestContextManager]Caught exception while allowing TestExecutionListener [org.springframework.test.context.support.DependencyInjectionTestExecutionListener@30c7da1e] to prepare test instance [mybatis.TestMyBatis@246ae04d]
  java.lang.IllegalStateException: Failed to load ApplicationContext
	at org.springframework.test.context.cache.DefaultCacheAwareContextLoaderDelegate.loadContext(DefaultCacheAwareContextLoaderDelegate.java:124)
	at org.springframework.test.context.support.DefaultTestContext.getApplicationContext(DefaultTestContext.java:83)
	at org.springframework.test.context.support.DependencyInjectionTestExecutionListener.injectDependencies(DependencyInjectionTestExecutionListener.java:117)
	at org.springframework.test.context.support.DependencyInjectionTestExecutionListener.prepareTestInstance(DependencyInjectionTestExecutionListener.java:83)
	at org.springframework.test.context.TestContextManager.prepareTestInstance(TestContextManager.java:228)
	at org.springframework.test.context.junit4.SpringJUnit4ClassRunner.createTest(SpringJUnit4ClassRunner.java:230)
	at org.springframework.test.context.junit4.SpringJUnit4ClassRunner$1.runReflectiveCall(SpringJUnit4ClassRunner.java:289)
	at org.junit.internal.runners.model.ReflectiveCallable.run(ReflectiveCallable.java:12)
	at org.springframework.test.context.junit4.SpringJUnit4ClassRunner.methodBlock(SpringJUnit4ClassRunner.java:291)
	at org.springframework.test.context.junit4.SpringJUnit4ClassRunner.runChild(SpringJUnit4ClassRunner.java:249)
	at org.springframework.test.context.junit4.SpringJUnit4ClassRunner.runChild(SpringJUnit4ClassRunner.java:89)
	at org.junit.runners.ParentRunner$3.run(ParentRunner.java:290)
	at org.junit.runners.ParentRunner$1.schedule(ParentRunner.java:71)
	at org.junit.runners.ParentRunner.runChildren(ParentRunner.java:288)
	at org.junit.runners.ParentRunner.access$000(ParentRunner.java:58)
	at org.junit.runners.ParentRunner$2.evaluate(ParentRunner.java:268)
	at org.springframework.test.context.junit4.statements.RunBeforeTestClassCallbacks.evaluate(RunBeforeTestClassCallbacks.java:61)
	at org.springframework.test.context.junit4.statements.RunAfterTestClassCallbacks.evaluate(RunAfterTestClassCallbacks.java:70)
	at org.junit.runners.ParentRunner.run(ParentRunner.java:363)
	at org.springframework.test.context.junit4.SpringJUnit4ClassRunner.run(SpringJUnit4ClassRunner.java:193)
	at org.eclipse.jdt.internal.junit4.runner.JUnit4TestReference.run(JUnit4TestReference.java:86)
	at org.eclipse.jdt.internal.junit.runner.TestExecution.run(TestExecution.java:38)
	at org.eclipse.jdt.internal.junit.runner.RemoteTestRunner.runTests(RemoteTestRunner.java:459)
	at org.eclipse.jdt.internal.junit.runner.RemoteTestRunner.runTests(RemoteTestRunner.java:675)
	at org.eclipse.jdt.internal.junit.runner.RemoteTestRunner.run(RemoteTestRunner.java:382)
	at org.eclipse.jdt.internal.junit.runner.RemoteTestRunner.main(RemoteTestRunner.java:192)
Caused by: java.lang.IllegalArgumentException: Cannot load an ApplicationContext with a NULL 'contextLoader'. Consider annotating your test class with @ContextConfiguration or @ContextHierarchy.
	at org.springframework.util.Assert.notNull(Assert.java:115)
	at org.springframework.test.context.cache.DefaultCacheAwareContextLoaderDelegate.loadContextInternal(DefaultCacheAwareContextLoaderDelegate.java:91)
	at org.springframework.test.context.cache.DefaultCacheAwareContextLoaderDelegate.loadContext(DefaultCacheAwareContextLoaderDelegate.java:116)
	... 25 more
[INFO] [2017-08-11 21:05:18][org.springframework.test.context.support.DefaultTestContextBootstrapper]Loaded default TestExecutionListener class names from location [META-INF/spring.factories]: [org.springframework.test.context.web.ServletTestExecutionListener, org.springframework.test.context.support.DirtiesContextBeforeModesTestExecutionListener, org.springframework.test.context.support.DependencyInjectionTestExecutionListener, org.springframework.test.context.support.DirtiesContextTestExecutionListener, org.springframework.test.context.transaction.TransactionalTestExecutionListener, org.springframework.test.context.jdbc.SqlScriptsTestExecutionListener]
  [INFO] [2017-08-11 21:05:18][org.springframework.test.context.support.DefaultTestContextBootstrapper]Using TestExecutionListeners: [org.springframework.test.context.web.ServletTestExecutionListener@69d9c55, org.springframework.test.context.support.DirtiesContextBeforeModesTestExecutionListener@13a57a3b, org.springframework.test.context.support.DependencyInjectionTestExecutionListener@7ca48474, org.springframework.test.context.support.DirtiesContextTestExecutionListener@337d0578, org.springframework.test.context.transaction.TransactionalTestExecutionListener@59e84876, org.springframework.test.context.jdbc.SqlScriptsTestExecutionListener@61a485d2]
  [INFO] [2017-08-11 21:05:19][org.springframework.beans.factory.xml.XmlBeanDefinitionReader]Loading XML bean definitions from class path resource [spring-mybatis.xml]
  [INFO] [2017-08-11 21:05:19][org.springframework.context.support.GenericApplicationContext]Refreshing org.springframework.context.support.GenericApplicationContext@ae45eb6: startup date [Fri Aug 11 21:05:19 CST 2017]; root of context hierarchy
  [INFO] [2017-08-11 21:05:20][org.springframework.beans.factory.config.PropertyPlaceholderConfigurer]Loading properties file from class path resource [jdbc.properties]
  [INFO] [2017-08-11 21:05:21][org.springframework.context.support.GenericApplicationContext]Closing org.springframework.context.support.GenericApplicationContext@ae45eb6: startup date [Fri Aug 11 21:05:19 CST 2017]; root of context hierarchy
  [INFO] [2017-08-11 21:16:32][org.springframework.test.context.support.DefaultTestContextBootstrapper]Loaded default TestExecutionListener class names from location [META-INF/spring.factories]: [org.springframework.test.context.web.ServletTestExecutionListener, org.springframework.test.context.support.DirtiesContextBeforeModesTestExecutionListener, org.springframework.test.context.support.DependencyInjectionTestExecutionListener, org.springframework.test.context.support.DirtiesContextTestExecutionListener, org.springframework.test.context.transaction.TransactionalTestExecutionListener, org.springframework.test.context.jdbc.SqlScriptsTestExecutionListener]
  [INFO] [2017-08-11 21:16:32][org.springframework.test.context.support.DefaultTestContextBootstrapper]Using TestExecutionListeners: [org.springframework.test.context.web.ServletTestExecutionListener@69d9c55, org.springframework.test.context.support.DirtiesContextBeforeModesTestExecutionListener@13a57a3b, org.springframework.test.context.support.DependencyInjectionTestExecutionListener@7ca48474, org.springframework.test.context.support.DirtiesContextTestExecutionListener@337d0578, org.springframework.test.context.transaction.TransactionalTestExecutionListener@59e84876, org.springframework.test.context.jdbc.SqlScriptsTestExecutionListener@61a485d2]
  [INFO] [2017-08-11 21:16:33][org.springframework.beans.factory.xml.XmlBeanDefinitionReader]Loading XML bean definitions from class path resource [spring-mybatis.xml]
  [INFO] [2017-08-11 21:16:33][org.springframework.context.support.GenericApplicationContext]Refreshing org.springframework.context.support.GenericApplicationContext@ae45eb6: startup date [Fri Aug 11 21:16:33 CST 2017]; root of context hierarchy
  [INFO] [2017-08-11 21:16:34][org.springframework.beans.factory.config.PropertyPlaceholderConfigurer]Loading properties file from class path resource [jdbc.properties]
  [INFO] [2017-08-11 21:16:35][org.springframework.context.support.GenericApplicationContext]Closing org.springframework.context.support.GenericApplicationContext@ae45eb6: startup date [Fri Aug 11 21:16:33 CST 2017]; root of context hierarchy
  [INFO] [2017-08-11 21:20:20][org.springframework.test.context.support.DefaultTestContextBootstrapper]Loaded default TestExecutionListener class names from location [META-INF/spring.factories]: [org.springframework.test.context.web.ServletTestExecutionListener, org.springframework.test.context.support.DirtiesContextBeforeModesTestExecutionListener, org.springframework.test.context.support.DependencyInjectionTestExecutionListener, org.springframework.test.context.support.DirtiesContextTestExecutionListener, org.springframework.test.context.transaction.TransactionalTestExecutionListener, org.springframework.test.context.jdbc.SqlScriptsTestExecutionListener]
  [INFO] [2017-08-11 21:20:20][org.springframework.test.context.support.DefaultTestContextBootstrapper]Using TestExecutionListeners: [org.springframework.test.context.web.ServletTestExecutionListener@69d9c55, org.springframework.test.context.support.DirtiesContextBeforeModesTestExecutionListener@13a57a3b, org.springframework.test.context.support.DependencyInjectionTestExecutionListener@7ca48474, org.springframework.test.context.support.DirtiesContextTestExecutionListener@337d0578, org.springframework.test.context.transaction.TransactionalTestExecutionListener@59e84876, org.springframework.test.context.jdbc.SqlScriptsTestExecutionListener@61a485d2]
  [INFO] [2017-08-11 21:20:20][org.springframework.beans.factory.xml.XmlBeanDefinitionReader]Loading XML bean definitions from class path resource [spring-mybatis.xml]
  [INFO] [2017-08-11 21:20:21][org.springframework.context.support.GenericApplicationContext]Refreshing org.springframework.context.support.GenericApplicationContext@ae45eb6: startup date [Fri Aug 11 21:20:21 CST 2017]; root of context hierarchy
  [INFO] [2017-08-11 21:20:21][org.springframework.beans.factory.config.PropertyPlaceholderConfigurer]Loading properties file from class path resource [jdbc.properties]
  [INFO] [2017-08-11 21:20:23][org.springframework.context.support.GenericApplicationContext]Closing org.springframework.context.support.GenericApplicationContext@ae45eb6: startup date [Fri Aug 11 21:20:21 CST 2017]; root of context hierarchy
  [INFO] [2017-08-11 21:27:16][org.springframework.test.context.support.DefaultTestContextBootstrapper]Loaded default TestExecutionListener class names from location [META-INF/spring.factories]: [org.springframework.test.context.web.ServletTestExecutionListener, org.springframework.test.context.support.DirtiesContextBeforeModesTestExecutionListener, org.springframework.test.context.support.DependencyInjectionTestExecutionListener, org.springframework.test.context.support.DirtiesContextTestExecutionListener, org.springframework.test.context.transaction.TransactionalTestExecutionListener, org.springframework.test.context.jdbc.SqlScriptsTestExecutionListener]
  [INFO] [2017-08-11 21:27:16][org.springframework.test.context.support.DefaultTestContextBootstrapper]Using TestExecutionListeners: [org.springframework.test.context.web.ServletTestExecutionListener@69d9c55, org.springframework.test.context.support.DirtiesContextBeforeModesTestExecutionListener@13a57a3b, org.springframework.test.context.support.DependencyInjectionTestExecutionListener@7ca48474, org.springframework.test.context.support.DirtiesContextTestExecutionListener@337d0578, org.springframework.test.context.transaction.TransactionalTestExecutionListener@59e84876, org.springframework.test.context.jdbc.SqlScriptsTestExecutionListener@61a485d2]
  [INFO] [2017-08-11 21:27:16][org.springframework.beans.factory.xml.XmlBeanDefinitionReader]Loading XML bean definitions from class path resource [spring-mybatis.xml]
  [INFO] [2017-08-11 21:27:17][org.springframework.context.support.GenericApplicationContext]Refreshing org.springframework.context.support.GenericApplicationContext@ae45eb6: startup date [Fri Aug 11 21:27:17 CST 2017]; root of context hierarchy
  [INFO] [2017-08-11 21:27:17][org.springframework.beans.factory.config.PropertyPlaceholderConfigurer]Loading properties file from class path resource [jdbc.properties]
  [INFO] [2017-08-11 21:27:19][org.springframework.context.support.GenericApplicationContext]Closing org.springframework.context.support.GenericApplicationContext@ae45eb6: startup date [Fri Aug 11 21:27:17 CST 2017]; root of context hierarchy
  [INFO] [2017-08-11 21:33:18][org.springframework.test.context.support.DefaultTestContextBootstrapper]Loaded default TestExecutionListener class names from location [META-INF/spring.factories]: [org.springframework.test.context.web.ServletTestExecutionListener, org.springframework.test.context.support.DirtiesContextBeforeModesTestExecutionListener, org.springframework.test.context.support.DependencyInjectionTestExecutionListener, org.springframework.test.context.support.DirtiesContextTestExecutionListener, org.springframework.test.context.transaction.TransactionalTestExecutionListener, org.springframework.test.context.jdbc.SqlScriptsTestExecutionListener]
  [INFO] [2017-08-11 21:33:18][org.springframework.test.context.support.DefaultTestContextBootstrapper]Using TestExecutionListeners: [org.springframework.test.context.web.ServletTestExecutionListener@69d9c55, org.springframework.test.context.support.DirtiesContextBeforeModesTestExecutionListener@13a57a3b, org.springframework.test.context.support.DependencyInjectionTestExecutionListener@7ca48474, org.springframework.test.context.support.DirtiesContextTestExecutionListener@337d0578, org.springframework.test.context.transaction.TransactionalTestExecutionListener@59e84876, org.springframework.test.context.jdbc.SqlScriptsTestExecutionListener@61a485d2]
  [INFO] [2017-08-11 21:33:18][org.springframework.beans.factory.xml.XmlBeanDefinitionReader]Loading XML bean definitions from class path resource [spring-mybatis.xml]
  [INFO] [2017-08-11 21:33:19][org.springframework.context.support.GenericApplicationContext]Refreshing org.springframework.context.support.GenericApplicationContext@ae45eb6: startup date [Fri Aug 11 21:33:19 CST 2017]; root of context hierarchy
  [INFO] [2017-08-11 21:33:19][org.springframework.beans.factory.config.PropertyPlaceholderConfigurer]Loading properties file from class path resource [jdbc.properties]
  [INFO] [2017-08-11 21:33:21][org.springframework.context.support.GenericApplicationContext]Closing org.springframework.context.support.GenericApplicationContext@ae45eb6: startup date [Fri Aug 11 21:33:19 CST 2017]; root of context hierarchy
  [INFO] [2017-08-11 21:33:32][org.springframework.test.context.support.DefaultTestContextBootstrapper]Loaded default TestExecutionListener class names from location [META-INF/spring.factories]: [org.springframework.test.context.web.ServletTestExecutionListener, org.springframework.test.context.support.DirtiesContextBeforeModesTestExecutionListener, org.springframework.test.context.support.DependencyInjectionTestExecutionListener, org.springframework.test.context.support.DirtiesContextTestExecutionListener, org.springframework.test.context.transaction.TransactionalTestExecutionListener, org.springframework.test.context.jdbc.SqlScriptsTestExecutionListener]
  [INFO] [2017-08-11 21:33:32][org.springframework.test.context.support.DefaultTestContextBootstrapper]Using TestExecutionListeners: [org.springframework.test.context.web.ServletTestExecutionListener@69d9c55, org.springframework.test.context.support.DirtiesContextBeforeModesTestExecutionListener@13a57a3b, org.springframework.test.context.support.DependencyInjectionTestExecutionListener@7ca48474, org.springframework.test.context.support.DirtiesContextTestExecutionListener@337d0578, org.springframework.test.context.transaction.TransactionalTestExecutionListener@59e84876, org.springframework.test.context.jdbc.SqlScriptsTestExecutionListener@61a485d2]
  [INFO] [2017-08-11 21:33:33][org.springframework.beans.factory.xml.XmlBeanDefinitionReader]Loading XML bean definitions from class path resource [spring-mybatis.xml]
  [INFO] [2017-08-11 21:33:33][org.springframework.context.support.GenericApplicationContext]Refreshing org.springframework.context.support.GenericApplicationContext@ae45eb6: startup date [Fri Aug 11 21:33:33 CST 2017]; root of context hierarchy
  [INFO] [2017-08-11 21:33:34][org.springframework.beans.factory.config.PropertyPlaceholderConfigurer]Loading properties file from class path resource [jdbc.properties]
  [INFO] [2017-08-11 21:33:35][org.springframework.context.support.GenericApplicationContext]Closing org.springframework.context.support.GenericApplicationContext@ae45eb6: startup date [Fri Aug 11 21:33:33 CST 2017]; root of context hierarchy
  [INFO] [2017-08-11 21:35:24][org.springframework.test.context.support.DefaultTestContextBootstrapper]Loaded default TestExecutionListener class names from location [META-INF/spring.factories]: [org.springframework.test.context.web.ServletTestExecutionListener, org.springframework.test.context.support.DirtiesContextBeforeModesTestExecutionListener, org.springframework.test.context.support.DependencyInjectionTestExecutionListener, org.springframework.test.context.support.DirtiesContextTestExecutionListener, org.springframework.test.context.transaction.TransactionalTestExecutionListener, org.springframework.test.context.jdbc.SqlScriptsTestExecutionListener]
  [INFO] [2017-08-11 21:35:24][org.springframework.test.context.support.DefaultTestContextBootstrapper]Using TestExecutionListeners: [org.springframework.test.context.web.ServletTestExecutionListener@69d9c55, org.springframework.test.context.support.DirtiesContextBeforeModesTestExecutionListener@13a57a3b, org.springframework.test.context.support.DependencyInjectionTestExecutionListener@7ca48474, org.springframework.test.context.support.DirtiesContextTestExecutionListener@337d0578, org.springframework.test.context.transaction.TransactionalTestExecutionListener@59e84876, org.springframework.test.context.jdbc.SqlScriptsTestExecutionListener@61a485d2]
  [INFO] [2017-08-11 21:35:25][org.springframework.beans.factory.xml.XmlBeanDefinitionReader]Loading XML bean definitions from class path resource [spring-mybatis.xml]
  [INFO] [2017-08-11 21:35:26][org.springframework.context.support.GenericApplicationContext]Refreshing org.springframework.context.support.GenericApplicationContext@ae45eb6: startup date [Fri Aug 11 21:35:26 CST 2017]; root of context hierarchy
  [INFO] [2017-08-11 21:35:26][org.springframework.beans.factory.config.PropertyPlaceholderConfigurer]Loading properties file from class path resource [jdbc.properties]
  [INFO] [2017-08-11 21:35:27][org.springframework.context.support.GenericApplicationContext]Closing org.springframework.context.support.GenericApplicationContext@ae45eb6: startup date [Fri Aug 11 21:35:26 CST 2017]; root of context hierarchy
  [INFO] [2017-08-11 21:40:23][org.springframework.test.context.support.DefaultTestContextBootstrapper]Loaded default TestExecutionListener class names from location [META-INF/spring.factories]: [org.springframework.test.context.web.ServletTestExecutionListener, org.springframework.test.context.support.DirtiesContextBeforeModesTestExecutionListener, org.springframework.test.context.support.DependencyInjectionTestExecutionListener, org.springframework.test.context.support.DirtiesContextTestExecutionListener, org.springframework.test.context.transaction.TransactionalTestExecutionListener, org.springframework.test.context.jdbc.SqlScriptsTestExecutionListener]
  [INFO] [2017-08-11 21:40:24][org.springframework.test.context.support.DefaultTestContextBootstrapper]Using TestExecutionListeners: [org.springframework.test.context.web.ServletTestExecutionListener@69d9c55, org.springframework.test.context.support.DirtiesContextBeforeModesTestExecutionListener@13a57a3b, org.springframework.test.context.support.DependencyInjectionTestExecutionListener@7ca48474, org.springframework.test.context.support.DirtiesContextTestExecutionListener@337d0578, org.springframework.test.context.transaction.TransactionalTestExecutionListener@59e84876, org.springframework.test.context.jdbc.SqlScriptsTestExecutionListener@61a485d2]
  [INFO] [2017-08-11 21:40:24][org.springframework.beans.factory.xml.XmlBeanDefinitionReader]Loading XML bean definitions from class path resource [spring-mybatis.xml]
  [INFO] [2017-08-11 21:40:25][org.springframework.context.support.GenericApplicationContext]Refreshing org.springframework.context.support.GenericApplicationContext@ae45eb6: startup date [Fri Aug 11 21:40:25 CST 2017]; root of context hierarchy
  [INFO] [2017-08-11 21:40:25][org.springframework.beans.factory.config.PropertyPlaceholderConfigurer]Loading properties file from class path resource [jdbc.properties]
  [INFO] [2017-08-11 21:40:28][org.springframework.context.support.GenericApplicationContext]Closing org.springframework.context.support.GenericApplicationContext@ae45eb6: startup date [Fri Aug 11 21:40:25 CST 2017]; root of context hierarchy
  [INFO] [2017-08-11 21:41:28][org.springframework.test.context.support.DefaultTestContextBootstrapper]Loaded default TestExecutionListener class names from location [META-INF/spring.factories]: [org.springframework.test.context.web.ServletTestExecutionListener, org.springframework.test.context.support.DirtiesContextBeforeModesTestExecutionListener, org.springframework.test.context.support.DependencyInjectionTestExecutionListener, org.springframework.test.context.support.DirtiesContextTestExecutionListener, org.springframework.test.context.transaction.TransactionalTestExecutionListener, org.springframework.test.context.jdbc.SqlScriptsTestExecutionListener]
  [INFO] [2017-08-11 21:41:28][org.springframework.test.context.support.DefaultTestContextBootstrapper]Using TestExecutionListeners: [org.springframework.test.context.web.ServletTestExecutionListener@69d9c55, org.springframework.test.context.support.DirtiesContextBeforeModesTestExecutionListener@13a57a3b, org.springframework.test.context.support.DependencyInjectionTestExecutionListener@7ca48474, org.springframework.test.context.support.DirtiesContextTestExecutionListener@337d0578, org.springframework.test.context.transaction.TransactionalTestExecutionListener@59e84876, org.springframework.test.context.jdbc.SqlScriptsTestExecutionListener@61a485d2]
  [INFO] [2017-08-11 21:41:28][org.springframework.beans.factory.xml.XmlBeanDefinitionReader]Loading XML bean definitions from class path resource [spring-mybatis.xml]
  [INFO] [2017-08-11 21:41:29][org.springframework.context.support.GenericApplicationContext]Refreshing org.springframework.context.support.GenericApplicationContext@ae45eb6: startup date [Fri Aug 11 21:41:29 CST 2017]; root of context hierarchy
  [INFO] [2017-08-11 21:41:30][org.springframework.beans.factory.config.PropertyPlaceholderConfigurer]Loading properties file from class path resource [jdbc.properties]
  [INFO] [2017-08-11 21:41:32][org.springframework.beans.factory.xml.XmlBeanDefinitionReader]Loading XML bean definitions from class path resource [org/springframework/jdbc/support/sql-error-codes.xml]
  [INFO] [2017-08-11 21:41:32][org.springframework.jdbc.support.SQLErrorCodesFactory]SQLErrorCodes loaded: [DB2, Derby, H2, HSQL, Informix, MS-SQL, MySQL, Oracle, PostgreSQL, Sybase, Hana]
  [INFO] [2017-08-11 21:41:32][org.springframework.context.support.GenericApplicationContext]Closing org.springframework.context.support.GenericApplicationContext@ae45eb6: startup date [Fri Aug 11 21:41:29 CST 2017]; root of context hierarchy
  [INFO] [2017-08-11 21:42:13][org.springframework.test.context.support.DefaultTestContextBootstrapper]Loaded default TestExecutionListener class names from location [META-INF/spring.factories]: [org.springframework.test.context.web.ServletTestExecutionListener, org.springframework.test.context.support.DirtiesContextBeforeModesTestExecutionListener, org.springframework.test.context.support.DependencyInjectionTestExecutionListener, org.springframework.test.context.support.DirtiesContextTestExecutionListener, org.springframework.test.context.transaction.TransactionalTestExecutionListener, org.springframework.test.context.jdbc.SqlScriptsTestExecutionListener]
  [INFO] [2017-08-11 21:42:13][org.springframework.test.context.support.DefaultTestContextBootstrapper]Using TestExecutionListeners: [org.springframework.test.context.web.ServletTestExecutionListener@69d9c55, org.springframework.test.context.support.DirtiesContextBeforeModesTestExecutionListener@13a57a3b, org.springframework.test.context.support.DependencyInjectionTestExecutionListener@7ca48474, org.springframework.test.context.support.DirtiesContextTestExecutionListener@337d0578, org.springframework.test.context.transaction.TransactionalTestExecutionListener@59e84876, org.springframework.test.context.jdbc.SqlScriptsTestExecutionListener@61a485d2]
  [INFO] [2017-08-11 21:42:13][org.springframework.beans.factory.xml.XmlBeanDefinitionReader]Loading XML bean definitions from class path resource [spring-mybatis.xml]
  [INFO] [2017-08-11 21:42:14][org.springframework.context.support.GenericApplicationContext]Refreshing org.springframework.context.support.GenericApplicationContext@ae45eb6: startup date [Fri Aug 11 21:42:14 CST 2017]; root of context hierarchy
  [INFO] [2017-08-11 21:42:14][org.springframework.beans.factory.config.PropertyPlaceholderConfigurer]Loading properties file from class path resource [jdbc.properties]
  [INFO] [2017-08-11 21:42:17][org.springframework.context.support.GenericApplicationContext]Closing org.springframework.context.support.GenericApplicationContext@ae45eb6: startup date [Fri Aug 11 21:42:14 CST 2017]; root of context hierarchy
  [INFO] [2017-08-11 21:43:16][org.springframework.test.context.support.DefaultTestContextBootstrapper]Loaded default TestExecutionListener class names from location [META-INF/spring.factories]: [org.springframework.test.context.web.ServletTestExecutionListener, org.springframework.test.context.support.DirtiesContextBeforeModesTestExecutionListener, org.springframework.test.context.support.DependencyInjectionTestExecutionListener, org.springframework.test.context.support.DirtiesContextTestExecutionListener, org.springframework.test.context.transaction.TransactionalTestExecutionListener, org.springframework.test.context.jdbc.SqlScriptsTestExecutionListener]
  [INFO] [2017-08-11 21:43:16][org.springframework.test.context.support.DefaultTestContextBootstrapper]Using TestExecutionListeners: [org.springframework.test.context.web.ServletTestExecutionListener@69d9c55, org.springframework.test.context.support.DirtiesContextBeforeModesTestExecutionListener@13a57a3b, org.springframework.test.context.support.DependencyInjectionTestExecutionListener@7ca48474, org.springframework.test.context.support.DirtiesContextTestExecutionListener@337d0578, org.springframework.test.context.transaction.TransactionalTestExecutionListener@59e84876, org.springframework.test.context.jdbc.SqlScriptsTestExecutionListener@61a485d2]
  [INFO] [2017-08-11 21:43:16][org.springframework.beans.factory.xml.XmlBeanDefinitionReader]Loading XML bean definitions from class path resource [spring-mybatis.xml]
  [INFO] [2017-08-11 21:43:17][org.springframework.context.support.GenericApplicationContext]Refreshing org.springframework.context.support.GenericApplicationContext@ae45eb6: startup date [Fri Aug 11 21:43:17 CST 2017]; root of context hierarchy
  [INFO] [2017-08-11 21:43:17][org.springframework.beans.factory.config.PropertyPlaceholderConfigurer]Loading properties file from class path resource [jdbc.properties]
  [INFO] [2017-08-11 21:43:20][org.springframework.context.support.GenericApplicationContext]Closing org.springframework.context.support.GenericApplicationContext@ae45eb6: startup date [Fri Aug 11 21:43:17 CST 2017]; root of context hierarchy
  [INFO] [2017-08-11 21:44:02][org.springframework.test.context.support.DefaultTestContextBootstrapper]Loaded default TestExecutionListener class names from location [META-INF/spring.factories]: [org.springframework.test.context.web.ServletTestExecutionListener, org.springframework.test.context.support.DirtiesContextBeforeModesTestExecutionListener, org.springframework.test.context.support.DependencyInjectionTestExecutionListener, org.springframework.test.context.support.DirtiesContextTestExecutionListener, org.springframework.test.context.transaction.TransactionalTestExecutionListener, org.springframework.test.context.jdbc.SqlScriptsTestExecutionListener]
  [INFO] [2017-08-11 21:44:02][org.springframework.test.context.support.DefaultTestContextBootstrapper]Using TestExecutionListeners: [org.springframework.test.context.web.ServletTestExecutionListener@69d9c55, org.springframework.test.context.support.DirtiesContextBeforeModesTestExecutionListener@13a57a3b, org.springframework.test.context.support.DependencyInjectionTestExecutionListener@7ca48474, org.springframework.test.context.support.DirtiesContextTestExecutionListener@337d0578, org.springframework.test.context.transaction.TransactionalTestExecutionListener@59e84876, org.springframework.test.context.jdbc.SqlScriptsTestExecutionListener@61a485d2]
  [INFO] [2017-08-11 21:44:02][org.springframework.beans.factory.xml.XmlBeanDefinitionReader]Loading XML bean definitions from class path resource [spring-mybatis.xml]
  [INFO] [2017-08-11 21:44:03][org.springframework.context.support.GenericApplicationContext]Refreshing org.springframework.context.support.GenericApplicationContext@ae45eb6: startup date [Fri Aug 11 21:44:03 CST 2017]; root of context hierarchy
  [INFO] [2017-08-11 21:44:03][org.springframework.beans.factory.config.PropertyPlaceholderConfigurer]Loading properties file from class path resource [jdbc.properties]
  [INFO] [2017-08-11 21:44:06][org.springframework.context.support.GenericApplicationContext]Closing org.springframework.context.support.GenericApplicationContext@ae45eb6: startup date [Fri Aug 11 21:44:03 CST 2017]; root of context hierarchy
  [INFO] [2017-08-11 21:46:36][org.springframework.test.context.support.DefaultTestContextBootstrapper]Loaded default TestExecutionListener class names from location [META-INF/spring.factories]: [org.springframework.test.context.web.ServletTestExecutionListener, org.springframework.test.context.support.DirtiesContextBeforeModesTestExecutionListener, org.springframework.test.context.support.DependencyInjectionTestExecutionListener, org.springframework.test.context.support.DirtiesContextTestExecutionListener, org.springframework.test.context.transaction.TransactionalTestExecutionListener, org.springframework.test.context.jdbc.SqlScriptsTestExecutionListener]
  [INFO] [2017-08-11 21:46:36][org.springframework.test.context.support.DefaultTestContextBootstrapper]Using TestExecutionListeners: [org.springframework.test.context.web.ServletTestExecutionListener@69d9c55, org.springframework.test.context.support.DirtiesContextBeforeModesTestExecutionListener@13a57a3b, org.springframework.test.context.support.DependencyInjectionTestExecutionListener@7ca48474, org.springframework.test.context.support.DirtiesContextTestExecutionListener@337d0578, org.springframework.test.context.transaction.TransactionalTestExecutionListener@59e84876, org.springframework.test.context.jdbc.SqlScriptsTestExecutionListener@61a485d2]
  [INFO] [2017-08-11 21:46:36][org.springframework.beans.factory.xml.XmlBeanDefinitionReader]Loading XML bean definitions from class path resource [spring-mybatis.xml]
  [INFO] [2017-08-11 21:46:37][org.springframework.context.support.GenericApplicationContext]Refreshing org.springframework.context.support.GenericApplicationContext@ae45eb6: startup date [Fri Aug 11 21:46:37 CST 2017]; root of context hierarchy
  [INFO] [2017-08-11 21:46:38][org.springframework.beans.factory.config.PropertyPlaceholderConfigurer]Loading properties file from class path resource [jdbc.properties]
  [INFO] [2017-08-11 21:46:39][org.springframework.context.support.GenericApplicationContext]Closing org.springframework.context.support.GenericApplicationContext@ae45eb6: startup date [Fri Aug 11 21:46:37 CST 2017]; root of context hierarchy
  [INFO] [2017-08-11 21:47:06][org.springframework.test.context.support.DefaultTestContextBootstrapper]Loaded default TestExecutionListener class names from location [META-INF/spring.factories]: [org.springframework.test.context.web.ServletTestExecutionListener, org.springframework.test.context.support.DirtiesContextBeforeModesTestExecutionListener, org.springframework.test.context.support.DependencyInjectionTestExecutionListener, org.springframework.test.context.support.DirtiesContextTestExecutionListener, org.springframework.test.context.transaction.TransactionalTestExecutionListener, org.springframework.test.context.jdbc.SqlScriptsTestExecutionListener]
  [INFO] [2017-08-11 21:47:06][org.springframework.test.context.support.DefaultTestContextBootstrapper]Using TestExecutionListeners: [org.springframework.test.context.web.ServletTestExecutionListener@69d9c55, org.springframework.test.context.support.DirtiesContextBeforeModesTestExecutionListener@13a57a3b, org.springframework.test.context.support.DependencyInjectionTestExecutionListener@7ca48474, org.springframework.test.context.support.DirtiesContextTestExecutionListener@337d0578, org.springframework.test.context.transaction.TransactionalTestExecutionListener@59e84876, org.springframework.test.context.jdbc.SqlScriptsTestExecutionListener@61a485d2]
  [INFO] [2017-08-11 21:47:07][org.springframework.beans.factory.xml.XmlBeanDefinitionReader]Loading XML bean definitions from class path resource [spring-mybatis.xml]
  [INFO] [2017-08-11 21:47:07][org.springframework.context.support.GenericApplicationContext]Refreshing org.springframework.context.support.GenericApplicationContext@ae45eb6: startup date [Fri Aug 11 21:47:07 CST 2017]; root of context hierarchy
  [INFO] [2017-08-11 21:47:08][org.springframework.beans.factory.config.PropertyPlaceholderConfigurer]Loading properties file from class path resource [jdbc.properties]
  [INFO] [2017-08-11 21:47:11][org.springframework.beans.factory.xml.XmlBeanDefinitionReader]Loading XML bean definitions from class path resource [org/springframework/jdbc/support/sql-error-codes.xml]
  [INFO] [2017-08-11 21:47:11][org.springframework.jdbc.support.SQLErrorCodesFactory]SQLErrorCodes loaded: [DB2, Derby, H2, HSQL, Informix, MS-SQL, MySQL, Oracle, PostgreSQL, Sybase, Hana]
  [INFO] [2017-08-11 21:47:11][org.springframework.context.support.GenericApplicationContext]Closing org.springframework.context.support.GenericApplicationContext@ae45eb6: startup date [Fri Aug 11 21:47:07 CST 2017]; root of context hierarchy
  [INFO] [2017-08-12 10:11:33][org.springframework.test.context.support.DefaultTestContextBootstrapper]Loaded default TestExecutionListener class names from location [META-INF/spring.factories]: [org.springframework.test.context.web.ServletTestExecutionListener, org.springframework.test.context.support.DirtiesContextBeforeModesTestExecutionListener, org.springframework.test.context.support.DependencyInjectionTestExecutionListener, org.springframework.test.context.support.DirtiesContextTestExecutionListener, org.springframework.test.context.transaction.TransactionalTestExecutionListener, org.springframework.test.context.jdbc.SqlScriptsTestExecutionListener]
  [INFO] [2017-08-12 10:11:33][org.springframework.test.context.support.DefaultTestContextBootstrapper]Using TestExecutionListeners: [org.springframework.test.context.web.ServletTestExecutionListener@69d9c55, org.springframework.test.context.support.DirtiesContextBeforeModesTestExecutionListener@13a57a3b, org.springframework.test.context.support.DependencyInjectionTestExecutionListener@7ca48474, org.springframework.test.context.support.DirtiesContextTestExecutionListener@337d0578, org.springframework.test.context.transaction.TransactionalTestExecutionListener@59e84876, org.springframework.test.context.jdbc.SqlScriptsTestExecutionListener@61a485d2]
  [INFO] [2017-08-12 10:11:34][org.springframework.beans.factory.xml.XmlBeanDefinitionReader]Loading XML bean definitions from class path resource [spring-mybatis.xml]
  [INFO] [2017-08-12 10:11:34][org.springframework.context.support.GenericApplicationContext]Refreshing org.springframework.context.support.GenericApplicationContext@ae45eb6: startup date [Sat Aug 12 10:11:34 CST 2017]; root of context hierarchy
  [INFO] [2017-08-12 10:11:35][org.springframework.beans.factory.config.PropertyPlaceholderConfigurer]Loading properties file from class path resource [jdbc.properties]
  [INFO] [2017-08-12 10:11:36][org.springframework.context.support.GenericApplicationContext]Closing org.springframework.context.support.GenericApplicationContext@ae45eb6: startup date [Sat Aug 12 10:11:34 CST 2017]; root of context hierarchy
  [INFO] [2017-08-12 10:13:40][org.springframework.test.context.support.DefaultTestContextBootstrapper]Loaded default TestExecutionListener class names from location [META-INF/spring.factories]: [org.springframework.test.context.web.ServletTestExecutionListener, org.springframework.test.context.support.DirtiesContextBeforeModesTestExecutionListener, org.springframework.test.context.support.DependencyInjectionTestExecutionListener, org.springframework.test.context.support.DirtiesContextTestExecutionListener, org.springframework.test.context.transaction.TransactionalTestExecutionListener, org.springframework.test.context.jdbc.SqlScriptsTestExecutionListener]
  [INFO] [2017-08-12 10:13:40][org.springframework.test.context.support.DefaultTestContextBootstrapper]Using TestExecutionListeners: [org.springframework.test.context.web.ServletTestExecutionListener@69d9c55, org.springframework.test.context.support.DirtiesContextBeforeModesTestExecutionListener@13a57a3b, org.springframework.test.context.support.DependencyInjectionTestExecutionListener@7ca48474, org.springframework.test.context.support.DirtiesContextTestExecutionListener@337d0578, org.springframework.test.context.transaction.TransactionalTestExecutionListener@59e84876, org.springframework.test.context.jdbc.SqlScriptsTestExecutionListener@61a485d2]
  [INFO] [2017-08-12 10:13:40][org.springframework.beans.factory.xml.XmlBeanDefinitionReader]Loading XML bean definitions from class path resource [spring-mybatis.xml]
  [INFO] [2017-08-12 10:13:40][org.springframework.context.support.GenericApplicationContext]Refreshing org.springframework.context.support.GenericApplicationContext@ae45eb6: startup date [Sat Aug 12 10:13:40 CST 2017]; root of context hierarchy
  [INFO] [2017-08-12 10:13:40][org.springframework.beans.factory.config.PropertyPlaceholderConfigurer]Loading properties file from class path resource [jdbc.properties]
  [INFO] [2017-08-12 10:13:41][org.springframework.beans.factory.xml.XmlBeanDefinitionReader]Loading XML bean definitions from class path resource [org/springframework/jdbc/support/sql-error-codes.xml]
  [INFO] [2017-08-12 10:13:41][org.springframework.jdbc.support.SQLErrorCodesFactory]SQLErrorCodes loaded: [DB2, Derby, H2, HSQL, Informix, MS-SQL, MySQL, Oracle, PostgreSQL, Sybase, Hana]
  [INFO] [2017-08-12 10:13:41][org.springframework.context.support.GenericApplicationContext]Closing org.springframework.context.support.GenericApplicationContext@ae45eb6: startup date [Sat Aug 12 10:13:40 CST 2017]; root of context hierarchy
  [INFO] [2017-08-12 10:15:30][org.springframework.test.context.support.DefaultTestContextBootstrapper]Loaded default TestExecutionListener class names from location [META-INF/spring.factories]: [org.springframework.test.context.web.ServletTestExecutionListener, org.springframework.test.context.support.DirtiesContextBeforeModesTestExecutionListener, org.springframework.test.context.support.DependencyInjectionTestExecutionListener, org.springframework.test.context.support.DirtiesContextTestExecutionListener, org.springframework.test.context.transaction.TransactionalTestExecutionListener, org.springframework.test.context.jdbc.SqlScriptsTestExecutionListener]
  [INFO] [2017-08-12 10:15:30][org.springframework.test.context.support.DefaultTestContextBootstrapper]Using TestExecutionListeners: [org.springframework.test.context.web.ServletTestExecutionListener@69d9c55, org.springframework.test.context.support.DirtiesContextBeforeModesTestExecutionListener@13a57a3b, org.springframework.test.context.support.DependencyInjectionTestExecutionListener@7ca48474, org.springframework.test.context.support.DirtiesContextTestExecutionListener@337d0578, org.springframework.test.context.transaction.TransactionalTestExecutionListener@59e84876, org.springframework.test.context.jdbc.SqlScriptsTestExecutionListener@61a485d2]
  [INFO] [2017-08-12 10:15:30][org.springframework.beans.factory.xml.XmlBeanDefinitionReader]Loading XML bean definitions from class path resource [spring-mybatis.xml]
  [INFO] [2017-08-12 10:15:31][org.springframework.context.support.GenericApplicationContext]Refreshing org.springframework.context.support.GenericApplicationContext@ae45eb6: startup date [Sat Aug 12 10:15:31 CST 2017]; root of context hierarchy
  [INFO] [2017-08-12 10:15:31][org.springframework.beans.factory.config.PropertyPlaceholderConfigurer]Loading properties file from class path resource [jdbc.properties]
  [INFO] [2017-08-12 10:15:32][org.springframework.beans.factory.xml.XmlBeanDefinitionReader]Loading XML bean definitions from class path resource [org/springframework/jdbc/support/sql-error-codes.xml]
  [INFO] [2017-08-12 10:15:32][org.springframework.jdbc.support.SQLErrorCodesFactory]SQLErrorCodes loaded: [DB2, Derby, H2, HSQL, Informix, MS-SQL, MySQL, Oracle, PostgreSQL, Sybase, Hana]
  [INFO] [2017-08-12 10:15:32][org.springframework.context.support.GenericApplicationContext]Closing org.springframework.context.support.GenericApplicationContext@ae45eb6: startup date [Sat Aug 12 10:15:31 CST 2017]; root of context hierarchy
  [INFO] [2017-08-12 10:19:02][org.springframework.test.context.support.DefaultTestContextBootstrapper]Loaded default TestExecutionListener class names from location [META-INF/spring.factories]: [org.springframework.test.context.web.ServletTestExecutionListener, org.springframework.test.context.support.DirtiesContextBeforeModesTestExecutionListener, org.springframework.test.context.support.DependencyInjectionTestExecutionListener, org.springframework.test.context.support.DirtiesContextTestExecutionListener, org.springframework.test.context.transaction.TransactionalTestExecutionListener, org.springframework.test.context.jdbc.SqlScriptsTestExecutionListener]
  [INFO] [2017-08-12 10:19:02][org.springframework.test.context.support.DefaultTestContextBootstrapper]Using TestExecutionListeners: [org.springframework.test.context.web.ServletTestExecutionListener@69d9c55, org.springframework.test.context.support.DirtiesContextBeforeModesTestExecutionListener@13a57a3b, org.springframework.test.context.support.DependencyInjectionTestExecutionListener@7ca48474, org.springframework.test.context.support.DirtiesContextTestExecutionListener@337d0578, org.springframework.test.context.transaction.TransactionalTestExecutionListener@59e84876, org.springframework.test.context.jdbc.SqlScriptsTestExecutionListener@61a485d2]
  [INFO] [2017-08-12 10:19:02][org.springframework.beans.factory.xml.XmlBeanDefinitionReader]Loading XML bean definitions from class path resource [spring-mybatis.xml]
  [INFO] [2017-08-12 10:19:02][org.springframework.context.support.GenericApplicationContext]Refreshing org.springframework.context.support.GenericApplicationContext@ae45eb6: startup date [Sat Aug 12 10:19:02 CST 2017]; root of context hierarchy
  [INFO] [2017-08-12 10:19:02][org.springframework.beans.factory.config.PropertyPlaceholderConfigurer]Loading properties file from class path resource [jdbc.properties]
  [INFO] [2017-08-12 10:19:03][org.springframework.beans.factory.xml.XmlBeanDefinitionReader]Loading XML bean definitions from class path resource [org/springframework/jdbc/support/sql-error-codes.xml]
  [INFO] [2017-08-12 10:19:03][org.springframework.jdbc.support.SQLErrorCodesFactory]SQLErrorCodes loaded: [DB2, Derby, H2, HSQL, Informix, MS-SQL, MySQL, Oracle, PostgreSQL, Sybase, Hana]
  [INFO] [2017-08-12 10:19:03][org.springframework.context.support.GenericApplicationContext]Closing org.springframework.context.support.GenericApplicationContext@ae45eb6: startup date [Sat Aug 12 10:19:02 CST 2017]; root of context hierarchy
  [INFO] [2017-08-12 10:19:32][org.springframework.test.context.support.DefaultTestContextBootstrapper]Loaded default TestExecutionListener class names from location [META-INF/spring.factories]: [org.springframework.test.context.web.ServletTestExecutionListener, org.springframework.test.context.support.DirtiesContextBeforeModesTestExecutionListener, org.springframework.test.context.support.DependencyInjectionTestExecutionListener, org.springframework.test.context.support.DirtiesContextTestExecutionListener, org.springframework.test.context.transaction.TransactionalTestExecutionListener, org.springframework.test.context.jdbc.SqlScriptsTestExecutionListener]
  [INFO] [2017-08-12 10:19:32][org.springframework.test.context.support.DefaultTestContextBootstrapper]Using TestExecutionListeners: [org.springframework.test.context.web.ServletTestExecutionListener@69d9c55, org.springframework.test.context.support.DirtiesContextBeforeModesTestExecutionListener@13a57a3b, org.springframework.test.context.support.DependencyInjectionTestExecutionListener@7ca48474, org.springframework.test.context.support.DirtiesContextTestExecutionListener@337d0578, org.springframework.test.context.transaction.TransactionalTestExecutionListener@59e84876, org.springframework.test.context.jdbc.SqlScriptsTestExecutionListener@61a485d2]
  [INFO] [2017-08-12 10:19:32][org.springframework.beans.factory.xml.XmlBeanDefinitionReader]Loading XML bean definitions from class path resource [spring-mybatis.xml]
  [INFO] [2017-08-12 10:19:32][org.springframework.context.support.GenericApplicationContext]Refreshing org.springframework.context.support.GenericApplicationContext@ae45eb6: startup date [Sat Aug 12 10:19:32 CST 2017]; root of context hierarchy
  [INFO] [2017-08-12 10:19:32][org.springframework.beans.factory.config.PropertyPlaceholderConfigurer]Loading properties file from class path resource [jdbc.properties]
  [INFO] [2017-08-12 10:19:33][org.springframework.beans.factory.xml.XmlBeanDefinitionReader]Loading XML bean definitions from class path resource [org/springframework/jdbc/support/sql-error-codes.xml]
  [INFO] [2017-08-12 10:19:33][org.springframework.jdbc.support.SQLErrorCodesFactory]SQLErrorCodes loaded: [DB2, Derby, H2, HSQL, Informix, MS-SQL, MySQL, Oracle, PostgreSQL, Sybase, Hana]
  [INFO] [2017-08-12 10:19:33][org.springframework.context.support.GenericApplicationContext]Closing org.springframework.context.support.GenericApplicationContext@ae45eb6: startup date [Sat Aug 12 10:19:32 CST 2017]; root of context hierarchy
  [INFO] [2017-08-12 10:20:22][org.springframework.test.context.support.DefaultTestContextBootstrapper]Loaded default TestExecutionListener class names from location [META-INF/spring.factories]: [org.springframework.test.context.web.ServletTestExecutionListener, org.springframework.test.context.support.DirtiesContextBeforeModesTestExecutionListener, org.springframework.test.context.support.DependencyInjectionTestExecutionListener, org.springframework.test.context.support.DirtiesContextTestExecutionListener, org.springframework.test.context.transaction.TransactionalTestExecutionListener, org.springframework.test.context.jdbc.SqlScriptsTestExecutionListener]
  [INFO] [2017-08-12 10:20:22][org.springframework.test.context.support.DefaultTestContextBootstrapper]Using TestExecutionListeners: [org.springframework.test.context.web.ServletTestExecutionListener@69d9c55, org.springframework.test.context.support.DirtiesContextBeforeModesTestExecutionListener@13a57a3b, org.springframework.test.context.support.DependencyInjectionTestExecutionListener@7ca48474, org.springframework.test.context.support.DirtiesContextTestExecutionListener@337d0578, org.springframework.test.context.transaction.TransactionalTestExecutionListener@59e84876, org.springframework.test.context.jdbc.SqlScriptsTestExecutionListener@61a485d2]
  [INFO] [2017-08-12 10:20:22][org.springframework.beans.factory.xml.XmlBeanDefinitionReader]Loading XML bean definitions from class path resource [spring-mybatis.xml]
  [INFO] [2017-08-12 10:20:22][org.springframework.context.support.GenericApplicationContext]Refreshing org.springframework.context.support.GenericApplicationContext@ae45eb6: startup date [Sat Aug 12 10:20:22 CST 2017]; root of context hierarchy
  [INFO] [2017-08-12 10:20:22][org.springframework.beans.factory.config.PropertyPlaceholderConfigurer]Loading properties file from class path resource [jdbc.properties]
  [INFO] [2017-08-12 10:20:23][org.springframework.beans.factory.xml.XmlBeanDefinitionReader]Loading XML bean definitions from class path resource [org/springframework/jdbc/support/sql-error-codes.xml]
  [INFO] [2017-08-12 10:20:23][org.springframework.jdbc.support.SQLErrorCodesFactory]SQLErrorCodes loaded: [DB2, Derby, H2, HSQL, Informix, MS-SQL, MySQL, Oracle, PostgreSQL, Sybase, Hana]
  [INFO] [2017-08-12 10:20:23][org.springframework.context.support.GenericApplicationContext]Closing org.springframework.context.support.GenericApplicationContext@ae45eb6: startup date [Sat Aug 12 10:20:22 CST 2017]; root of context hierarchy
  [INFO] [2017-08-12 10:20:51][org.springframework.test.context.support.DefaultTestContextBootstrapper]Loaded default TestExecutionListener class names from location [META-INF/spring.factories]: [org.springframework.test.context.web.ServletTestExecutionListener, org.springframework.test.context.support.DirtiesContextBeforeModesTestExecutionListener, org.springframework.test.context.support.DependencyInjectionTestExecutionListener, org.springframework.test.context.support.DirtiesContextTestExecutionListener, org.springframework.test.context.transaction.TransactionalTestExecutionListener, org.springframework.test.context.jdbc.SqlScriptsTestExecutionListener]
  [INFO] [2017-08-12 10:20:51][org.springframework.test.context.support.DefaultTestContextBootstrapper]Using TestExecutionListeners: [org.springframework.test.context.web.ServletTestExecutionListener@69d9c55, org.springframework.test.context.support.DirtiesContextBeforeModesTestExecutionListener@13a57a3b, org.springframework.test.context.support.DependencyInjectionTestExecutionListener@7ca48474, org.springframework.test.context.support.DirtiesContextTestExecutionListener@337d0578, org.springframework.test.context.transaction.TransactionalTestExecutionListener@59e84876, org.springframework.test.context.jdbc.SqlScriptsTestExecutionListener@61a485d2]
  [INFO] [2017-08-12 10:20:51][org.springframework.beans.factory.xml.XmlBeanDefinitionReader]Loading XML bean definitions from class path resource [spring-mybatis.xml]
  [INFO] [2017-08-12 10:20:51][org.springframework.context.support.GenericApplicationContext]Refreshing org.springframework.context.support.GenericApplicationContext@ae45eb6: startup date [Sat Aug 12 10:20:51 CST 2017]; root of context hierarchy
  [INFO] [2017-08-12 10:20:51][org.springframework.beans.factory.config.PropertyPlaceholderConfigurer]Loading properties file from class path resource [jdbc.properties]
  [INFO] [2017-08-12 10:20:52][org.springframework.beans.factory.xml.XmlBeanDefinitionReader]Loading XML bean definitions from class path resource [org/springframework/jdbc/support/sql-error-codes.xml]
  [INFO] [2017-08-12 10:20:52][org.springframework.jdbc.support.SQLErrorCodesFactory]SQLErrorCodes loaded: [DB2, Derby, H2, HSQL, Informix, MS-SQL, MySQL, Oracle, PostgreSQL, Sybase, Hana]
  [INFO] [2017-08-12 10:20:52][org.springframework.context.support.GenericApplicationContext]Closing org.springframework.context.support.GenericApplicationContext@ae45eb6: startup date [Sat Aug 12 10:20:51 CST 2017]; root of context hierarchy
  [INFO] [2017-08-12 10:22:08][org.springframework.test.context.support.DefaultTestContextBootstrapper]Loaded default TestExecutionListener class names from location [META-INF/spring.factories]: [org.springframework.test.context.web.ServletTestExecutionListener, org.springframework.test.context.support.DirtiesContextBeforeModesTestExecutionListener, org.springframework.test.context.support.DependencyInjectionTestExecutionListener, org.springframework.test.context.support.DirtiesContextTestExecutionListener, org.springframework.test.context.transaction.TransactionalTestExecutionListener, org.springframework.test.context.jdbc.SqlScriptsTestExecutionListener]
  [INFO] [2017-08-12 10:22:08][org.springframework.test.context.support.DefaultTestContextBootstrapper]Using TestExecutionListeners: [org.springframework.test.context.web.ServletTestExecutionListener@69d9c55, org.springframework.test.context.support.DirtiesContextBeforeModesTestExecutionListener@13a57a3b, org.springframework.test.context.support.DependencyInjectionTestExecutionListener@7ca48474, org.springframework.test.context.support.DirtiesContextTestExecutionListener@337d0578, org.springframework.test.context.transaction.TransactionalTestExecutionListener@59e84876, org.springframework.test.context.jdbc.SqlScriptsTestExecutionListener@61a485d2]
  [INFO] [2017-08-12 10:22:08][org.springframework.beans.factory.xml.XmlBeanDefinitionReader]Loading XML bean definitions from class path resource [spring-mybatis.xml]
  [INFO] [2017-08-12 10:22:08][org.springframework.context.support.GenericApplicationContext]Refreshing org.springframework.context.support.GenericApplicationContext@ae45eb6: startup date [Sat Aug 12 10:22:08 CST 2017]; root of context hierarchy
  [INFO] [2017-08-12 10:22:08][org.springframework.beans.factory.config.PropertyPlaceholderConfigurer]Loading properties file from class path resource [jdbc.properties]
  [INFO] [2017-08-12 10:22:09][org.springframework.context.support.GenericApplicationContext]Closing org.springframework.context.support.GenericApplicationContext@ae45eb6: startup date [Sat Aug 12 10:22:08 CST 2017]; root of context hierarchy
  [INFO] [2017-08-12 10:22:57][org.springframework.test.context.support.DefaultTestContextBootstrapper]Loaded default TestExecutionListener class names from location [META-INF/spring.factories]: [org.springframework.test.context.web.ServletTestExecutionListener, org.springframework.test.context.support.DirtiesContextBeforeModesTestExecutionListener, org.springframework.test.context.support.DependencyInjectionTestExecutionListener, org.springframework.test.context.support.DirtiesContextTestExecutionListener, org.springframework.test.context.transaction.TransactionalTestExecutionListener, org.springframework.test.context.jdbc.SqlScriptsTestExecutionListener]
  [INFO] [2017-08-12 10:22:57][org.springframework.test.context.support.DefaultTestContextBootstrapper]Using TestExecutionListeners: [org.springframework.test.context.web.ServletTestExecutionListener@69d9c55, org.springframework.test.context.support.DirtiesContextBeforeModesTestExecutionListener@13a57a3b, org.springframework.test.context.support.DependencyInjectionTestExecutionListener@7ca48474, org.springframework.test.context.support.DirtiesContextTestExecutionListener@337d0578, org.springframework.test.context.transaction.TransactionalTestExecutionListener@59e84876, org.springframework.test.context.jdbc.SqlScriptsTestExecutionListener@61a485d2]
  [INFO] [2017-08-12 10:22:57][org.springframework.beans.factory.xml.XmlBeanDefinitionReader]Loading XML bean definitions from class path resource [spring-mybatis.xml]
  [INFO] [2017-08-12 10:22:57][org.springframework.context.support.GenericApplicationContext]Refreshing org.springframework.context.support.GenericApplicationContext@ae45eb6: startup date [Sat Aug 12 10:22:57 CST 2017]; root of context hierarchy
  [INFO] [2017-08-12 10:22:58][org.springframework.beans.factory.config.PropertyPlaceholderConfigurer]Loading properties file from class path resource [jdbc.properties]
  [INFO] [2017-08-12 10:22:59][org.springframework.context.support.GenericApplicationContext]Closing org.springframework.context.support.GenericApplicationContext@ae45eb6: startup date [Sat Aug 12 10:22:57 CST 2017]; root of context hierarchy
  [INFO] [2017-08-12 10:24:13][org.springframework.test.context.support.DefaultTestContextBootstrapper]Loaded default TestExecutionListener class names from location [META-INF/spring.factories]: [org.springframework.test.context.web.ServletTestExecutionListener, org.springframework.test.context.support.DirtiesContextBeforeModesTestExecutionListener, org.springframework.test.context.support.DependencyInjectionTestExecutionListener, org.springframework.test.context.support.DirtiesContextTestExecutionListener, org.springframework.test.context.transaction.TransactionalTestExecutionListener, org.springframework.test.context.jdbc.SqlScriptsTestExecutionListener]
  [INFO] [2017-08-12 10:24:13][org.springframework.test.context.support.DefaultTestContextBootstrapper]Using TestExecutionListeners: [org.springframework.test.context.web.ServletTestExecutionListener@69d9c55, org.springframework.test.context.support.DirtiesContextBeforeModesTestExecutionListener@13a57a3b, org.springframework.test.context.support.DependencyInjectionTestExecutionListener@7ca48474, org.springframework.test.context.support.DirtiesContextTestExecutionListener@337d0578, org.springframework.test.context.transaction.TransactionalTestExecutionListener@59e84876, org.springframework.test.context.jdbc.SqlScriptsTestExecutionListener@61a485d2]
  [INFO] [2017-08-12 10:24:13][org.springframework.beans.factory.xml.XmlBeanDefinitionReader]Loading XML bean definitions from class path resource [spring-mybatis.xml]
  [INFO] [2017-08-12 10:24:13][org.springframework.context.support.GenericApplicationContext]Refreshing org.springframework.context.support.GenericApplicationContext@ae45eb6: startup date [Sat Aug 12 10:24:13 CST 2017]; root of context hierarchy
  [INFO] [2017-08-12 10:24:13][org.springframework.beans.factory.config.PropertyPlaceholderConfigurer]Loading properties file from class path resource [jdbc.properties]
  [INFO] [2017-08-12 10:24:14][org.springframework.context.support.GenericApplicationContext]Closing org.springframework.context.support.GenericApplicationContext@ae45eb6: startup date [Sat Aug 12 10:24:13 CST 2017]; root of context hierarchy
  [INFO] [2017-08-12 10:28:57][org.springframework.test.context.support.DefaultTestContextBootstrapper]Loaded default TestExecutionListener class names from location [META-INF/spring.factories]: [org.springframework.test.context.web.ServletTestExecutionListener, org.springframework.test.context.support.DirtiesContextBeforeModesTestExecutionListener, org.springframework.test.context.support.DependencyInjectionTestExecutionListener, org.springframework.test.context.support.DirtiesContextTestExecutionListener, org.springframework.test.context.transaction.TransactionalTestExecutionListener, org.springframework.test.context.jdbc.SqlScriptsTestExecutionListener]
  [INFO] [2017-08-12 10:28:57][org.springframework.test.context.support.DefaultTestContextBootstrapper]Using TestExecutionListeners: [org.springframework.test.context.web.ServletTestExecutionListener@69d9c55, org.springframework.test.context.support.DirtiesContextBeforeModesTestExecutionListener@13a57a3b, org.springframework.test.context.support.DependencyInjectionTestExecutionListener@7ca48474, org.springframework.test.context.support.DirtiesContextTestExecutionListener@337d0578, org.springframework.test.context.transaction.TransactionalTestExecutionListener@59e84876, org.springframework.test.context.jdbc.SqlScriptsTestExecutionListener@61a485d2]
  [INFO] [2017-08-12 10:28:57][org.springframework.beans.factory.xml.XmlBeanDefinitionReader]Loading XML bean definitions from class path resource [spring-mybatis.xml]
  [INFO] [2017-08-12 10:28:57][org.springframework.context.support.GenericApplicationContext]Refreshing org.springframework.context.support.GenericApplicationContext@ae45eb6: startup date [Sat Aug 12 10:28:57 CST 2017]; root of context hierarchy
  [INFO] [2017-08-12 10:28:57][org.springframework.beans.factory.config.PropertyPlaceholderConfigurer]Loading properties file from class path resource [jdbc.properties]
  [INFO] [2017-08-12 10:29:07][org.springframework.context.support.GenericApplicationContext]Closing org.springframework.context.support.GenericApplicationContext@ae45eb6: startup date [Sat Aug 12 10:28:57 CST 2017]; root of context hierarchy
  [INFO] [2017-08-12 10:30:27][org.springframework.test.context.support.DefaultTestContextBootstrapper]Loaded default TestExecutionListener class names from location [META-INF/spring.factories]: [org.springframework.test.context.web.ServletTestExecutionListener, org.springframework.test.context.support.DirtiesContextBeforeModesTestExecutionListener, org.springframework.test.context.support.DependencyInjectionTestExecutionListener, org.springframework.test.context.support.DirtiesContextTestExecutionListener, org.springframework.test.context.transaction.TransactionalTestExecutionListener, org.springframework.test.context.jdbc.SqlScriptsTestExecutionListener]
  [INFO] [2017-08-12 10:30:27][org.springframework.test.context.support.DefaultTestContextBootstrapper]Using TestExecutionListeners: [org.springframework.test.context.web.ServletTestExecutionListener@69d9c55, org.springframework.test.context.support.DirtiesContextBeforeModesTestExecutionListener@13a57a3b, org.springframework.test.context.support.DependencyInjectionTestExecutionListener@7ca48474, org.springframework.test.context.support.DirtiesContextTestExecutionListener@337d0578, org.springframework.test.context.transaction.TransactionalTestExecutionListener@59e84876, org.springframework.test.context.jdbc.SqlScriptsTestExecutionListener@61a485d2]
  [INFO] [2017-08-12 10:30:27][org.springframework.beans.factory.xml.XmlBeanDefinitionReader]Loading XML bean definitions from class path resource [spring-mybatis.xml]
  [INFO] [2017-08-12 10:30:28][org.springframework.context.support.GenericApplicationContext]Refreshing org.springframework.context.support.GenericApplicationContext@ae45eb6: startup date [Sat Aug 12 10:30:28 CST 2017]; root of context hierarchy
  [INFO] [2017-08-12 10:30:28][org.springframework.beans.factory.config.PropertyPlaceholderConfigurer]Loading properties file from class path resource [jdbc.properties]
  [INFO] [2017-08-12 10:30:29][org.springframework.context.support.GenericApplicationContext]Closing org.springframework.context.support.GenericApplicationContext@ae45eb6: startup date [Sat Aug 12 10:30:28 CST 2017]; root of context hierarchy
  [INFO] [2017-08-12 10:31:30][org.springframework.test.context.support.DefaultTestContextBootstrapper]Loaded default TestExecutionListener class names from location [META-INF/spring.factories]: [org.springframework.test.context.web.ServletTestExecutionListener, org.springframework.test.context.support.DirtiesContextBeforeModesTestExecutionListener, org.springframework.test.context.support.DependencyInjectionTestExecutionListener, org.springframework.test.context.support.DirtiesContextTestExecutionListener, org.springframework.test.context.transaction.TransactionalTestExecutionListener, org.springframework.test.context.jdbc.SqlScriptsTestExecutionListener]
  [INFO] [2017-08-12 10:31:30][org.springframework.test.context.support.DefaultTestContextBootstrapper]Using TestExecutionListeners: [org.springframework.test.context.web.ServletTestExecutionListener@69d9c55, org.springframework.test.context.support.DirtiesContextBeforeModesTestExecutionListener@13a57a3b, org.springframework.test.context.support.DependencyInjectionTestExecutionListener@7ca48474, org.springframework.test.context.support.DirtiesContextTestExecutionListener@337d0578, org.springframework.test.context.transaction.TransactionalTestExecutionListener@59e84876, org.springframework.test.context.jdbc.SqlScriptsTestExecutionListener@61a485d2]
  [INFO] [2017-08-12 10:31:30][org.springframework.beans.factory.xml.XmlBeanDefinitionReader]Loading XML bean definitions from class path resource [spring-mybatis.xml]
  [INFO] [2017-08-12 10:31:30][org.springframework.context.support.GenericApplicationContext]Refreshing org.springframework.context.support.GenericApplicationContext@ae45eb6: startup date [Sat Aug 12 10:31:30 CST 2017]; root of context hierarchy
  [INFO] [2017-08-12 10:31:30][org.springframework.beans.factory.config.PropertyPlaceholderConfigurer]Loading properties file from class path resource [jdbc.properties]
  [INFO] [2017-08-12 10:31:31][org.springframework.context.support.GenericApplicationContext]Closing org.springframework.context.support.GenericApplicationContext@ae45eb6: startup date [Sat Aug 12 10:31:30 CST 2017]; root of context hierarchy
  [INFO] [2017-08-12 10:32:25][org.springframework.test.context.support.DefaultTestContextBootstrapper]Loaded default TestExecutionListener class names from location [META-INF/spring.factories]: [org.springframework.test.context.web.ServletTestExecutionListener, org.springframework.test.context.support.DirtiesContextBeforeModesTestExecutionListener, org.springframework.test.context.support.DependencyInjectionTestExecutionListener, org.springframework.test.context.support.DirtiesContextTestExecutionListener, org.springframework.test.context.transaction.TransactionalTestExecutionListener, org.springframework.test.context.jdbc.SqlScriptsTestExecutionListener]
  [INFO] [2017-08-12 10:32:25][org.springframework.test.context.support.DefaultTestContextBootstrapper]Using TestExecutionListeners: [org.springframework.test.context.web.ServletTestExecutionListener@69d9c55, org.springframework.test.context.support.DirtiesContextBeforeModesTestExecutionListener@13a57a3b, org.springframework.test.context.support.DependencyInjectionTestExecutionListener@7ca48474, org.springframework.test.context.support.DirtiesContextTestExecutionListener@337d0578, org.springframework.test.context.transaction.TransactionalTestExecutionListener@59e84876, org.springframework.test.context.jdbc.SqlScriptsTestExecutionListener@61a485d2]
  [INFO] [2017-08-12 10:32:25][org.springframework.beans.factory.xml.XmlBeanDefinitionReader]Loading XML bean definitions from class path resource [spring-mybatis.xml]
  [INFO] [2017-08-12 10:32:25][org.springframework.context.support.GenericApplicationContext]Refreshing org.springframework.context.support.GenericApplicationContext@ae45eb6: startup date [Sat Aug 12 10:32:25 CST 2017]; root of context hierarchy
  [INFO] [2017-08-12 10:32:25][org.springframework.beans.factory.config.PropertyPlaceholderConfigurer]Loading properties file from class path resource [jdbc.properties]
  [INFO] [2017-08-12 10:32:26][org.springframework.context.support.GenericApplicationContext]Closing org.springframework.context.support.GenericApplicationContext@ae45eb6: startup date [Sat Aug 12 10:32:25 CST 2017]; root of context hierarchy
  [INFO] [2017-08-12 10:32:48][org.springframework.test.context.support.DefaultTestContextBootstrapper]Loaded default TestExecutionListener class names from location [META-INF/spring.factories]: [org.springframework.test.context.web.ServletTestExecutionListener, org.springframework.test.context.support.DirtiesContextBeforeModesTestExecutionListener, org.springframework.test.context.support.DependencyInjectionTestExecutionListener, org.springframework.test.context.support.DirtiesContextTestExecutionListener, org.springframework.test.context.transaction.TransactionalTestExecutionListener, org.springframework.test.context.jdbc.SqlScriptsTestExecutionListener]
  [INFO] [2017-08-12 10:32:48][org.springframework.test.context.support.DefaultTestContextBootstrapper]Using TestExecutionListeners: [org.springframework.test.context.web.ServletTestExecutionListener@69d9c55, org.springframework.test.context.support.DirtiesContextBeforeModesTestExecutionListener@13a57a3b, org.springframework.test.context.support.DependencyInjectionTestExecutionListener@7ca48474, org.springframework.test.context.support.DirtiesContextTestExecutionListener@337d0578, org.springframework.test.context.transaction.TransactionalTestExecutionListener@59e84876, org.springframework.test.context.jdbc.SqlScriptsTestExecutionListener@61a485d2]
  [INFO] [2017-08-12 10:32:48][org.springframework.beans.factory.xml.XmlBeanDefinitionReader]Loading XML bean definitions from class path resource [spring-mybatis.xml]
  [INFO] [2017-08-12 10:32:48][org.springframework.context.support.GenericApplicationContext]Refreshing org.springframework.context.support.GenericApplicationContext@ae45eb6: startup date [Sat Aug 12 10:32:48 CST 2017]; root of context hierarchy
  [INFO] [2017-08-12 10:32:48][org.springframework.beans.factory.config.PropertyPlaceholderConfigurer]Loading properties file from class path resource [jdbc.properties]
  [INFO] [2017-08-12 10:32:49][org.springframework.context.support.GenericApplicationContext]Closing org.springframework.context.support.GenericApplicationContext@ae45eb6: startup date [Sat Aug 12 10:32:48 CST 2017]; root of context hierarchy
  [INFO] [2017-08-12 10:48:52][org.springframework.test.context.support.DefaultTestContextBootstrapper]Loaded default TestExecutionListener class names from location [META-INF/spring.factories]: [org.springframework.test.context.web.ServletTestExecutionListener, org.springframework.test.context.support.DirtiesContextBeforeModesTestExecutionListener, org.springframework.test.context.support.DependencyInjectionTestExecutionListener, org.springframework.test.context.support.DirtiesContextTestExecutionListener, org.springframework.test.context.transaction.TransactionalTestExecutionListener, org.springframework.test.context.jdbc.SqlScriptsTestExecutionListener]
  [INFO] [2017-08-12 10:48:52][org.springframework.test.context.support.DefaultTestContextBootstrapper]Using TestExecutionListeners: [org.springframework.test.context.web.ServletTestExecutionListener@69d9c55, org.springframework.test.context.support.DirtiesContextBeforeModesTestExecutionListener@13a57a3b, org.springframework.test.context.support.DependencyInjectionTestExecutionListener@7ca48474, org.springframework.test.context.support.DirtiesContextTestExecutionListener@337d0578, org.springframework.test.context.transaction.TransactionalTestExecutionListener@59e84876, org.springframework.test.context.jdbc.SqlScriptsTestExecutionListener@61a485d2]
  [INFO] [2017-08-12 10:48:52][org.springframework.beans.factory.xml.XmlBeanDefinitionReader]Loading XML bean definitions from class path resource [spring-mybatis.xml]
  [INFO] [2017-08-12 10:48:52][org.springframework.context.support.GenericApplicationContext]Refreshing org.springframework.context.support.GenericApplicationContext@ae45eb6: startup date [Sat Aug 12 10:48:52 CST 2017]; root of context hierarchy
  [INFO] [2017-08-12 10:48:52][org.springframework.beans.factory.config.PropertyPlaceholderConfigurer]Loading properties file from class path resource [jdbc.properties]
  [INFO] [2017-08-12 10:48:53][org.springframework.context.support.GenericApplicationContext]Closing org.springframework.context.support.GenericApplicationContext@ae45eb6: startup date [Sat Aug 12 10:48:52 CST 2017]; root of context hierarchy
  [INFO] [2017-08-12 10:49:08][org.springframework.test.context.support.DefaultTestContextBootstrapper]Loaded default TestExecutionListener class names from location [META-INF/spring.factories]: [org.springframework.test.context.web.ServletTestExecutionListener, org.springframework.test.context.support.DirtiesContextBeforeModesTestExecutionListener, org.springframework.test.context.support.DependencyInjectionTestExecutionListener, org.springframework.test.context.support.DirtiesContextTestExecutionListener, org.springframework.test.context.transaction.TransactionalTestExecutionListener, org.springframework.test.context.jdbc.SqlScriptsTestExecutionListener]
  [INFO] [2017-08-12 10:49:08][org.springframework.test.context.support.DefaultTestContextBootstrapper]Using TestExecutionListeners: [org.springframework.test.context.web.ServletTestExecutionListener@13a57a3b, org.springframework.test.context.support.DirtiesContextBeforeModesTestExecutionListener@7ca48474, org.springframework.test.context.support.DependencyInjectionTestExecutionListener@337d0578, org.springframework.test.context.support.DirtiesContextTestExecutionListener@59e84876, org.springframework.test.context.transaction.TransactionalTestExecutionListener@61a485d2, org.springframework.test.context.jdbc.SqlScriptsTestExecutionListener@39fb3ab6]
  [INFO] [2017-08-12 10:49:08][org.springframework.beans.factory.xml.XmlBeanDefinitionReader]Loading XML bean definitions from class path resource [spring-mybatis.xml]
  [INFO] [2017-08-12 10:49:08][org.springframework.context.support.GenericApplicationContext]Refreshing org.springframework.context.support.GenericApplicationContext@59f99ea: startup date [Sat Aug 12 10:49:08 CST 2017]; root of context hierarchy
  [INFO] [2017-08-12 10:49:08][org.springframework.beans.factory.config.PropertyPlaceholderConfigurer]Loading properties file from class path resource [jdbc.properties]
  [INFO] [2017-08-12 10:49:09][org.springframework.beans.factory.xml.XmlBeanDefinitionReader]Loading XML bean definitions from class path resource [org/springframework/jdbc/support/sql-error-codes.xml]
  [INFO] [2017-08-12 10:49:09][org.springframework.jdbc.support.SQLErrorCodesFactory]SQLErrorCodes loaded: [DB2, Derby, H2, HSQL, Informix, MS-SQL, MySQL, Oracle, PostgreSQL, Sybase, Hana]
  [INFO] [2017-08-12 10:49:09][org.springframework.context.support.GenericApplicationContext]Closing org.springframework.context.support.GenericApplicationContext@59f99ea: startup date [Sat Aug 12 10:49:08 CST 2017]; root of context hierarchy
  [INFO] [2017-08-12 10:49:22][org.springframework.test.context.support.DefaultTestContextBootstrapper]Loaded default TestExecutionListener class names from location [META-INF/spring.factories]: [org.springframework.test.context.web.ServletTestExecutionListener, org.springframework.test.context.support.DirtiesContextBeforeModesTestExecutionListener, org.springframework.test.context.support.DependencyInjectionTestExecutionListener, org.springframework.test.context.support.DirtiesContextTestExecutionListener, org.springframework.test.context.transaction.TransactionalTestExecutionListener, org.springframework.test.context.jdbc.SqlScriptsTestExecutionListener]
  [INFO] [2017-08-12 10:49:22][org.springframework.test.context.support.DefaultTestContextBootstrapper]Using TestExecutionListeners: [org.springframework.test.context.web.ServletTestExecutionListener@13a57a3b, org.springframework.test.context.support.DirtiesContextBeforeModesTestExecutionListener@7ca48474, org.springframework.test.context.support.DependencyInjectionTestExecutionListener@337d0578, org.springframework.test.context.support.DirtiesContextTestExecutionListener@59e84876, org.springframework.test.context.transaction.TransactionalTestExecutionListener@61a485d2, org.springframework.test.context.jdbc.SqlScriptsTestExecutionListener@39fb3ab6]
  [INFO] [2017-08-12 10:49:22][org.springframework.beans.factory.xml.XmlBeanDefinitionReader]Loading XML bean definitions from class path resource [spring-mybatis.xml]
  [INFO] [2017-08-12 10:49:22][org.springframework.context.support.GenericApplicationContext]Refreshing org.springframework.context.support.GenericApplicationContext@59f99ea: startup date [Sat Aug 12 10:49:22 CST 2017]; root of context hierarchy
  [INFO] [2017-08-12 10:49:22][org.springframework.beans.factory.config.PropertyPlaceholderConfigurer]Loading properties file from class path resource [jdbc.properties]
  [INFO] [2017-08-12 10:49:23][org.springframework.context.support.GenericApplicationContext]Closing org.springframework.context.support.GenericApplicationContext@59f99ea: startup date [Sat Aug 12 10:49:22 CST 2017]; root of context hierarchy
  [INFO] [2017-08-12 10:50:06][org.springframework.test.context.support.DefaultTestContextBootstrapper]Loaded default TestExecutionListener class names from location [META-INF/spring.factories]: [org.springframework.test.context.web.ServletTestExecutionListener, org.springframework.test.context.support.DirtiesContextBeforeModesTestExecutionListener, org.springframework.test.context.support.DependencyInjectionTestExecutionListener, org.springframework.test.context.support.DirtiesContextTestExecutionListener, org.springframework.test.context.transaction.TransactionalTestExecutionListener, org.springframework.test.context.jdbc.SqlScriptsTestExecutionListener]
  [INFO] [2017-08-12 10:50:06][org.springframework.test.context.support.DefaultTestContextBootstrapper]Using TestExecutionListeners: [org.springframework.test.context.web.ServletTestExecutionListener@13a57a3b, org.springframework.test.context.support.DirtiesContextBeforeModesTestExecutionListener@7ca48474, org.springframework.test.context.support.DependencyInjectionTestExecutionListener@337d0578, org.springframework.test.context.support.DirtiesContextTestExecutionListener@59e84876, org.springframework.test.context.transaction.TransactionalTestExecutionListener@61a485d2, org.springframework.test.context.jdbc.SqlScriptsTestExecutionListener@39fb3ab6]
  [INFO] [2017-08-12 10:50:07][org.springframework.beans.factory.xml.XmlBeanDefinitionReader]Loading XML bean definitions from class path resource [spring-mybatis.xml]
  [INFO] [2017-08-12 10:50:07][org.springframework.context.support.GenericApplicationContext]Refreshing org.springframework.context.support.GenericApplicationContext@59f99ea: startup date [Sat Aug 12 10:50:07 CST 2017]; root of context hierarchy
  [INFO] [2017-08-12 10:50:07][org.springframework.beans.factory.config.PropertyPlaceholderConfigurer]Loading properties file from class path resource [jdbc.properties]
  [INFO] [2017-08-12 10:50:08][org.springframework.context.support.GenericApplicationContext]Closing org.springframework.context.support.GenericApplicationContext@59f99ea: startup date [Sat Aug 12 10:50:07 CST 2017]; root of context hierarchy
  [INFO] [2017-08-12 10:50:54][org.springframework.test.context.support.DefaultTestContextBootstrapper]Loaded default TestExecutionListener class names from location [META-INF/spring.factories]: [org.springframework.test.context.web.ServletTestExecutionListener, org.springframework.test.context.support.DirtiesContextBeforeModesTestExecutionListener, org.springframework.test.context.support.DependencyInjectionTestExecutionListener, org.springframework.test.context.support.DirtiesContextTestExecutionListener, org.springframework.test.context.transaction.TransactionalTestExecutionListener, org.springframework.test.context.jdbc.SqlScriptsTestExecutionListener]
  [INFO] [2017-08-12 10:50:54][org.springframework.test.context.support.DefaultTestContextBootstrapper]Using TestExecutionListeners: [org.springframework.test.context.web.ServletTestExecutionListener@13a57a3b, org.springframework.test.context.support.DirtiesContextBeforeModesTestExecutionListener@7ca48474, org.springframework.test.context.support.DependencyInjectionTestExecutionListener@337d0578, org.springframework.test.context.support.DirtiesContextTestExecutionListener@59e84876, org.springframework.test.context.transaction.TransactionalTestExecutionListener@61a485d2, org.springframework.test.context.jdbc.SqlScriptsTestExecutionListener@39fb3ab6]
  [INFO] [2017-08-12 10:50:54][org.springframework.beans.factory.xml.XmlBeanDefinitionReader]Loading XML bean definitions from class path resource [spring-mybatis.xml]
  [INFO] [2017-08-12 10:50:54][org.springframework.context.support.GenericApplicationContext]Refreshing org.springframework.context.support.GenericApplicationContext@59f99ea: startup date [Sat Aug 12 10:50:54 CST 2017]; root of context hierarchy
  [INFO] [2017-08-12 10:50:55][org.springframework.beans.factory.config.PropertyPlaceholderConfigurer]Loading properties file from class path resource [jdbc.properties]
  [INFO] [2017-08-12 10:50:55][org.springframework.beans.factory.xml.XmlBeanDefinitionReader]Loading XML bean definitions from class path resource [org/springframework/jdbc/support/sql-error-codes.xml]
  [INFO] [2017-08-12 10:50:55][org.springframework.jdbc.support.SQLErrorCodesFactory]SQLErrorCodes loaded: [DB2, Derby, H2, HSQL, Informix, MS-SQL, MySQL, Oracle, PostgreSQL, Sybase, Hana]
  [INFO] [2017-08-12 10:50:55][org.springframework.context.support.GenericApplicationContext]Closing org.springframework.context.support.GenericApplicationContext@59f99ea: startup date [Sat Aug 12 10:50:54 CST 2017]; root of context hierarchy
  [INFO] [2017-08-12 10:51:29][org.springframework.test.context.support.DefaultTestContextBootstrapper]Loaded default TestExecutionListener class names from location [META-INF/spring.factories]: [org.springframework.test.context.web.ServletTestExecutionListener, org.springframework.test.context.support.DirtiesContextBeforeModesTestExecutionListener, org.springframework.test.context.support.DependencyInjectionTestExecutionListener, org.springframework.test.context.support.DirtiesContextTestExecutionListener, org.springframework.test.context.transaction.TransactionalTestExecutionListener, org.springframework.test.context.jdbc.SqlScriptsTestExecutionListener]
  [INFO] [2017-08-12 10:51:29][org.springframework.test.context.support.DefaultTestContextBootstrapper]Using TestExecutionListeners: [org.springframework.test.context.web.ServletTestExecutionListener@13a57a3b, org.springframework.test.context.support.DirtiesContextBeforeModesTestExecutionListener@7ca48474, org.springframework.test.context.support.DependencyInjectionTestExecutionListener@337d0578, org.springframework.test.context.support.DirtiesContextTestExecutionListener@59e84876, org.springframework.test.context.transaction.TransactionalTestExecutionListener@61a485d2, org.springframework.test.context.jdbc.SqlScriptsTestExecutionListener@39fb3ab6]
  [INFO] [2017-08-12 10:51:29][org.springframework.beans.factory.xml.XmlBeanDefinitionReader]Loading XML bean definitions from class path resource [spring-mybatis.xml]
  [INFO] [2017-08-12 10:51:29][org.springframework.context.support.GenericApplicationContext]Refreshing org.springframework.context.support.GenericApplicationContext@59f99ea: startup date [Sat Aug 12 10:51:29 CST 2017]; root of context hierarchy
  [INFO] [2017-08-12 10:51:29][org.springframework.beans.factory.config.PropertyPlaceholderConfigurer]Loading properties file from class path resource [jdbc.properties]
  [INFO] [2017-08-12 10:51:31][org.springframework.context.support.GenericApplicationContext]Closing org.springframework.context.support.GenericApplicationContext@59f99ea: startup date [Sat Aug 12 10:51:29 CST 2017]; root of context hierarchy
  